<?xml version="1.0" encoding="UTF-8"?>
<!-- Generated by org.testng.reporters.JUnitReportReporter -->
<testsuite skipped="0" hostname="DESKTOP-TKK5GPG" name="defaultpackage.SampleTestNg" tests="2" failures="0" timestamp="6 Nov 2016 15:26:48 GMT" time="0.011" errors="0">
  <testcase name="testanotherapplication" time="0.010" classname="defaultpackage.SampleTestNg"/>
  <testcase name="testapplications" time="0.001" classname="defaultpackage.SampleTestNg"/>
</testsuite> <!-- defaultpackage.SampleTestNg -->
