<?xml version="1.0" encoding="UTF-8"?>
<!-- Generated by org.testng.reporters.JUnitReportReporter -->
<testsuite hostname="DESKTOP-TKK5GPG" name="test.Yahootest" tests="1" failures="0" timestamp="13 Nov 2016 14:58:15 GMT" time="0.000" errors="0">
  <testcase name="yahootest" time="0.000" classname="test.Yahootest"/>
</testsuite>
